<?xml version="1.0" encoding="UTF-8"?>
<!-- Generated by org.testng.reporters.JUnitXMLReporter -->
<testsuite hostname="DESKTOP-R7P9VL4" name="ChromeTest-RetryAnalyzer" tests="2" failures="2" timestamp="9 Oct 2019 11:18:08 GMT" time="44.137" errors="0">
  <testcase name="testingRetryAnalyzer" time="0.247" classname="com.practiceTestClasses.RetryAnalyzerPractice">
    <failure type="java.lang.AssertionError" message="The following asserts failed:
	********** FAILED ************ : The title is incorrect expected [Forever New India Offici] but found [Forever New India Official Website| Women&amp;apos;s Clothing Online - Forever New]">
      <![CDATA[java.lang.AssertionError: The following asserts failed:
	********** FAILED ************ : The title is incorrect expected [Forever New India Offici] but found [Forever New India Official Website| Women's Clothing Online - Forever New]
	at com.practiceTestClasses.RetryAnalyzerPractice.testingRetryAnalyzer(RetryAnalyzerPractice.java:57)
... Removed 25 stack frames]]>
    </failure>
  </testcase> <!-- testingRetryAnalyzer -->
  <testcase name="testingRetryAnalyzer2" time="14.415" classname="com.practiceTestClasses.RetryAnalyzerPractice">
    <failure type="java.lang.AssertionError" message="The following asserts failed:
	********** FAILED ************ : The title is incorrect expected [Forever New India Offici] but found [Forever New India Official Website| Women&amp;apos;s Clothing Online - Forever New]">
      <![CDATA[java.lang.AssertionError: The following asserts failed:
	********** FAILED ************ : The title is incorrect expected [Forever New India Offici] but found [Forever New India Official Website| Women's Clothing Online - Forever New]
	at com.practiceTestClasses.RetryAnalyzerPractice.testingRetryAnalyzer2(RetryAnalyzerPractice.java:80)
... Removed 25 stack frames]]>
    </failure>
  </testcase> <!-- testingRetryAnalyzer2 -->
</testsuite> <!-- ChromeTest-RetryAnalyzer -->
