<?xml version="1.0" encoding="UTF-8"?>
<!-- Generated by org.testng.reporters.JUnitXMLReporter -->
<testsuite hostname="DESKTOP-R7P9VL4" name="RetryAnalyzerTest" tests="8" failures="2" timestamp="9 Oct 2019 10:48:29 GMT" time="108.525" errors="0">
  <testcase name="testingRetryAnalyzer" time="15.931" classname="com.practiceTestClasses.RetryAnalyzerPractice">
    <skipped/>
  </testcase> <!-- testingRetryAnalyzer -->
  <testcase name="testingRetryAnalyzer" time="13.066" classname="com.practiceTestClasses.RetryAnalyzerPractice">
    <skipped/>
  </testcase> <!-- testingRetryAnalyzer -->
  <testcase name="testingRetryAnalyzer" time="12.863" classname="com.practiceTestClasses.RetryAnalyzerPractice">
    <skipped/>
  </testcase> <!-- testingRetryAnalyzer -->
  <testcase name="testingRetryAnalyzer" time="14.786" classname="com.practiceTestClasses.RetryAnalyzerPractice">
    <failure type="java.lang.AssertionError" message="The following asserts failed:
	********** FAILED ************ : The title is incorrect expected [Forever New India Offici] but found [Forever New India Official Website| Women&amp;apos;s Clothing Online - Forever New]">
      <![CDATA[java.lang.AssertionError: The following asserts failed:
	********** FAILED ************ : The title is incorrect expected [Forever New India Offici] but found [Forever New India Official Website| Women's Clothing Online - Forever New]
	at com.practiceTestClasses.RetryAnalyzerPractice.testingRetryAnalyzer(RetryAnalyzerPractice.java:38)
... Removed 25 stack frames]]>
    </failure>
  </testcase> <!-- testingRetryAnalyzer -->
  <testcase name="testingRetryAnalyzer2" time="12.776" classname="com.practiceTestClasses.RetryAnalyzerPractice">
    <skipped/>
  </testcase> <!-- testingRetryAnalyzer2 -->
  <testcase name="testingRetryAnalyzer2" time="12.949" classname="com.practiceTestClasses.RetryAnalyzerPractice">
    <skipped/>
  </testcase> <!-- testingRetryAnalyzer2 -->
  <testcase name="testingRetryAnalyzer2" time="13.086" classname="com.practiceTestClasses.RetryAnalyzerPractice">
    <skipped/>
  </testcase> <!-- testingRetryAnalyzer2 -->
  <testcase name="testingRetryAnalyzer2" time="13.018" classname="com.practiceTestClasses.RetryAnalyzerPractice">
    <failure type="java.lang.AssertionError" message="The following asserts failed:
	********** FAILED ************ : The title is incorrect expected [Forever New India Offici] but found [Forever New India Official Website| Women&amp;apos;s Clothing Online - Forever New]">
      <![CDATA[java.lang.AssertionError: The following asserts failed:
	********** FAILED ************ : The title is incorrect expected [Forever New India Offici] but found [Forever New India Official Website| Women's Clothing Online - Forever New]
	at com.practiceTestClasses.RetryAnalyzerPractice.testingRetryAnalyzer2(RetryAnalyzerPractice.java:61)
... Removed 25 stack frames]]>
    </failure>
  </testcase> <!-- testingRetryAnalyzer2 -->
</testsuite> <!-- RetryAnalyzerTest -->
