<?xml version="1.0" encoding="UTF-8"?>
<!-- Generated by org.testng.reporters.JUnitXMLReporter -->
<testsuite hostname="DESKTOP-R7P9VL4" name="Command line test" tests="3" failures="0" timestamp="3 Oct 2019 16:58:38 GMT" time="26.315" errors="0">
  <testcase name="simpleTest" time="0.009" classname="com.testclasses.TP_HomePageTest"/>
  <testcase name="LoginTest" time="7.1" classname="com.testclasses.TP_LoginPageTest"/>
  <testcase name="secondSimpleMethod" time="0.001" classname="com.testclasses.TP_NextPageTest"/>
</testsuite> <!-- Command line test -->
