<?xml version="1.0" encoding="UTF-8"?>
<testng-results skipped="0" failed="0" total="3" passed="3">
  <reporter-output>
  </reporter-output>
  <suite name="Command line suite" duration-ms="26315" started-at="2019-10-03T16:58:11Z" finished-at="2019-10-03T16:58:38Z">
    <groups>
    </groups>
    <test name="Command line test" duration-ms="26315" started-at="2019-10-03T16:58:11Z" finished-at="2019-10-03T16:58:38Z">
      <class name="com.testclasses.TP_HomePageTest">
        <test-method status="PASS" signature="simpleTest()[pri:0, instance:com.testclasses.TP_HomePageTest@d2cc05a]" name="simpleTest" duration-ms="9" started-at="2019-10-03T22:28:11Z" finished-at="2019-10-03T22:28:11Z">
          <reporter-output>
          </reporter-output>
        </test-method> <!-- simpleTest -->
      </class> <!-- com.testclasses.TP_HomePageTest -->
      <class name="com.testclasses.TP_NextPageTest">
        <test-method status="PASS" signature="secondSimpleMethod()[pri:0, instance:com.testclasses.TP_NextPageTest@548a9f61]" name="secondSimpleMethod" duration-ms="1" started-at="2019-10-03T22:28:38Z" finished-at="2019-10-03T22:28:38Z">
          <reporter-output>
          </reporter-output>
        </test-method> <!-- secondSimpleMethod -->
      </class> <!-- com.testclasses.TP_NextPageTest -->
      <class name="com.testclasses.TP_LoginPageTest">
        <test-method status="PASS" signature="setUp()[pri:0, instance:com.testclasses.TP_LoginPageTest@4f933fd1]" name="setUp" is-config="true" duration-ms="19187" started-at="2019-10-03T22:28:11Z" finished-at="2019-10-03T22:28:31Z">
          <reporter-output>
          </reporter-output>
        </test-method> <!-- setUp -->
        <test-method status="PASS" signature="LoginTest()[pri:0, instance:com.testclasses.TP_LoginPageTest@4f933fd1]" name="LoginTest" duration-ms="7100" started-at="2019-10-03T22:28:31Z" finished-at="2019-10-03T22:28:38Z">
          <reporter-output>
          </reporter-output>
        </test-method> <!-- LoginTest -->
      </class> <!-- com.testclasses.TP_LoginPageTest -->
    </test> <!-- Command line test -->
  </suite> <!-- Command line suite -->
</testng-results>
