<?xml version="1.0" encoding="UTF-8"?>
<testng-results skipped="0" failed="0" total="1" passed="1">
  <reporter-output>
  </reporter-output>
  <suite name="Default suite" duration-ms="78" started-at="2019-10-20T18:52:25Z" finished-at="2019-10-20T18:52:26Z">
    <groups>
    </groups>
    <test name="Default test" duration-ms="78" started-at="2019-10-20T18:52:25Z" finished-at="2019-10-20T18:52:26Z">
      <class name="com.testclasses.PracticeTestClass">
        <test-method status="PASS" signature="setUp()[pri:0, instance:com.testclasses.PracticeTestClass@604ed9f0]" name="setUp" is-config="true" duration-ms="26" started-at="2019-10-21T00:22:25Z" finished-at="2019-10-21T00:22:26Z">
          <reporter-output>
          </reporter-output>
        </test-method> <!-- setUp -->
        <test-method status="PASS" signature="testMethod()[pri:0, instance:com.testclasses.PracticeTestClass@604ed9f0]" name="testMethod" duration-ms="10" started-at="2019-10-21T00:22:26Z" finished-at="2019-10-21T00:22:26Z">
          <reporter-output>
          </reporter-output>
        </test-method> <!-- testMethod -->
      </class> <!-- com.testclasses.PracticeTestClass -->
    </test> <!-- Default test -->
  </suite> <!-- Default suite -->
</testng-results>
